2021-02-05 14:41:27.749 - Info	
Packing C:\FEDEV\PCF\uploader\Solution\uploader\obj\Release\Metadata to bin\Release\uploader.zip

2021-02-05 14:41:27.788 - Info	Processing Component: Entities
2021-02-05 14:41:27.796 - Info	Processing Component: Roles
2021-02-05 14:41:27.801 - Info	Processing Component: Workflows
2021-02-05 14:41:27.801 - Info	Processing Component: FieldSecurityProfiles
2021-02-05 14:41:27.802 - Info	Processing Component: Templates
2021-02-05 14:41:27.803 - Info	Processing Component: EntityMaps
2021-02-05 14:41:27.803 - Info	Processing Component: EntityRelationships
2021-02-05 14:41:27.804 - Info	Processing Component: OrganizationSettings
2021-02-05 14:41:27.804 - Info	Processing Component: optionsets
2021-02-05 14:41:27.804 - Info	Processing Component: CustomControls
2021-02-05 14:41:27.839 - Info	 - dksk.uploader2
2021-02-05 14:41:27.866 - Info	Processing Component: SolutionPluginAssemblies
2021-02-05 14:41:27.868 - Info	Processing Component: EntityDataProviders
2021-02-05 14:41:27.916 - Info	
Managed Pack complete.

2021-02-05 15:23:32.367 - Info	
Packing C:\FEDEV\PCF\uploader\Solution\uploader\obj\Release\Metadata to bin\Release\uploader.zip

2021-02-05 15:23:32.382 - Info	Processing Component: Entities
2021-02-05 15:23:32.398 - Info	Processing Component: Roles
2021-02-05 15:23:32.398 - Info	Processing Component: Workflows
2021-02-05 15:23:32.398 - Info	Processing Component: FieldSecurityProfiles
2021-02-05 15:23:32.398 - Info	Processing Component: Templates
2021-02-05 15:23:32.398 - Info	Processing Component: EntityMaps
2021-02-05 15:23:32.398 - Info	Processing Component: EntityRelationships
2021-02-05 15:23:32.414 - Info	Processing Component: OrganizationSettings
2021-02-05 15:23:32.414 - Info	Processing Component: optionsets
2021-02-05 15:23:32.414 - Info	Processing Component: CustomControls
2021-02-05 15:23:32.476 - Info	 - dksk.uploader
2021-02-05 15:23:32.492 - Info	Processing Component: SolutionPluginAssemblies
2021-02-05 15:23:32.492 - Info	Processing Component: EntityDataProviders
2021-02-05 15:23:32.524 - Info	
Managed Pack complete.

2021-02-05 16:06:30.903 - Info	
Packing C:\FEDEV\PCF\uploader\Solution\uploader\obj\Release\Metadata to bin\Release\uploader.zip

2021-02-05 16:06:30.926 - Info	Processing Component: Entities
2021-02-05 16:06:30.931 - Info	Processing Component: Roles
2021-02-05 16:06:30.937 - Info	Processing Component: Workflows
2021-02-05 16:06:30.937 - Info	Processing Component: FieldSecurityProfiles
2021-02-05 16:06:30.938 - Info	Processing Component: Templates
2021-02-05 16:06:30.939 - Info	Processing Component: EntityMaps
2021-02-05 16:06:30.939 - Info	Processing Component: EntityRelationships
2021-02-05 16:06:30.945 - Info	Processing Component: OrganizationSettings
2021-02-05 16:06:30.950 - Info	Processing Component: optionsets
2021-02-05 16:06:30.950 - Info	Processing Component: CustomControls
2021-02-05 16:06:30.983 - Info	 - dksk.uploader
2021-02-05 16:06:31.014 - Info	Processing Component: SolutionPluginAssemblies
2021-02-05 16:06:31.018 - Info	Processing Component: EntityDataProviders
2021-02-05 16:06:31.063 - Info	
Managed Pack complete.

2021-02-05 16:47:52.359 - Info	
Packing C:\FEDEV\PCF\uploader\Solution\uploader\obj\Release\Metadata to bin\Release\uploader.zip

2021-02-05 16:47:52.429 - Info	Processing Component: Entities
2021-02-05 16:47:52.439 - Info	Processing Component: Roles
2021-02-05 16:47:52.452 - Info	Processing Component: Workflows
2021-02-05 16:47:52.453 - Info	Processing Component: FieldSecurityProfiles
2021-02-05 16:47:52.454 - Info	Processing Component: Templates
2021-02-05 16:47:52.457 - Info	Processing Component: EntityMaps
2021-02-05 16:47:52.458 - Info	Processing Component: EntityRelationships
2021-02-05 16:47:52.476 - Info	Processing Component: OrganizationSettings
2021-02-05 16:47:52.480 - Info	Processing Component: optionsets
2021-02-05 16:47:52.481 - Info	Processing Component: CustomControls
2021-02-05 16:47:52.564 - Info	 - dksk.uploader
2021-02-05 16:47:52.618 - Info	Processing Component: SolutionPluginAssemblies
2021-02-05 16:47:52.622 - Info	Processing Component: EntityDataProviders
2021-02-05 16:47:52.716 - Info	
Managed Pack complete.

2021-02-05 18:19:46.242 - Info	
Packing C:\FEDEV\PCF\uploader\Solution\uploader\obj\Release\Metadata to bin\Release\uploader.zip

2021-02-05 18:19:46.280 - Info	Processing Component: Entities
2021-02-05 18:19:46.289 - Info	Processing Component: Roles
2021-02-05 18:19:46.298 - Info	Processing Component: Workflows
2021-02-05 18:19:46.299 - Info	Processing Component: FieldSecurityProfiles
2021-02-05 18:19:46.299 - Info	Processing Component: Templates
2021-02-05 18:19:46.302 - Info	Processing Component: EntityMaps
2021-02-05 18:19:46.302 - Info	Processing Component: EntityRelationships
2021-02-05 18:19:46.313 - Info	Processing Component: OrganizationSettings
2021-02-05 18:19:46.314 - Info	Processing Component: optionsets
2021-02-05 18:19:46.315 - Info	Processing Component: CustomControls
2021-02-05 18:19:46.364 - Info	 - dksk.uploader
2021-02-05 18:19:46.405 - Info	Processing Component: SolutionPluginAssemblies
2021-02-05 18:19:46.406 - Info	Processing Component: EntityDataProviders
2021-02-05 18:19:46.474 - Info	
Managed Pack complete.

2021-02-05 22:50:11.015 - Info	
Packing C:\FEDEV\PCF\uploader\Solution\uploader\obj\Release\Metadata to bin\Release\uploader.zip

2021-02-05 22:50:11.062 - Info	Processing Component: Entities
2021-02-05 22:50:11.069 - Info	Processing Component: Roles
2021-02-05 22:50:11.077 - Info	Processing Component: Workflows
2021-02-05 22:50:11.077 - Info	Processing Component: FieldSecurityProfiles
2021-02-05 22:50:11.079 - Info	Processing Component: Templates
2021-02-05 22:50:11.089 - Info	Processing Component: EntityMaps
2021-02-05 22:50:11.090 - Info	Processing Component: EntityRelationships
2021-02-05 22:50:11.112 - Info	Processing Component: OrganizationSettings
2021-02-05 22:50:11.119 - Info	Processing Component: optionsets
2021-02-05 22:50:11.121 - Info	Processing Component: CustomControls
2021-02-05 22:50:11.203 - Info	 - dksk.uploader
2021-02-05 22:50:11.254 - Info	Processing Component: SolutionPluginAssemblies
2021-02-05 22:50:11.268 - Info	Processing Component: EntityDataProviders
2021-02-05 22:50:11.343 - Info	
Managed Pack complete.

